C:\USERS\KAROL\DOCUMENTS\VISUAL STUDIO 2010\PROJECTS\SL0\DEBUG\SL0.EXE
C:\USERS\KAROL\DOCUMENTS\VISUAL STUDIO 2010\PROJECTS\SL0\DEBUG\SL0.ILK
C:\USERS\KAROL\DOCUMENTS\VISUAL STUDIO 2010\PROJECTS\SL0\DEBUG\SL0.PDB
C:\Users\Karol\Documents\Visual Studio 2010\Projects\sl0\sl0\Debug\cl.command.1.tlog
C:\Users\Karol\Documents\Visual Studio 2010\Projects\sl0\sl0\Debug\CL.read.1.tlog
C:\Users\Karol\Documents\Visual Studio 2010\Projects\sl0\sl0\Debug\CL.write.1.tlog
C:\USERS\KAROL\DOCUMENTS\VISUAL STUDIO 2010\PROJECTS\SL0\SL0\DEBUG\ERROR.OBJ
C:\USERS\KAROL\DOCUMENTS\VISUAL STUDIO 2010\PROJECTS\SL0\SL0\DEBUG\FUNCTIONS.OBJ
C:\Users\Karol\Documents\Visual Studio 2010\Projects\sl0\sl0\Debug\link.3272.read.1.tlog
C:\Users\Karol\Documents\Visual Studio 2010\Projects\sl0\sl0\Debug\link.3272.write.1.tlog
C:\Users\Karol\Documents\Visual Studio 2010\Projects\sl0\sl0\Debug\link.3272-cvtres.read.1.tlog
C:\Users\Karol\Documents\Visual Studio 2010\Projects\sl0\sl0\Debug\link.3272-cvtres.write.1.tlog
C:\Users\Karol\Documents\Visual Studio 2010\Projects\sl0\sl0\Debug\link.3440.read.1.tlog
C:\Users\Karol\Documents\Visual Studio 2010\Projects\sl0\sl0\Debug\link.3440.write.1.tlog
C:\Users\Karol\Documents\Visual Studio 2010\Projects\sl0\sl0\Debug\link.3440-cvtres.read.1.tlog
C:\Users\Karol\Documents\Visual Studio 2010\Projects\sl0\sl0\Debug\link.3440-cvtres.write.1.tlog
C:\Users\Karol\Documents\Visual Studio 2010\Projects\sl0\sl0\Debug\link.3564.read.1.tlog
C:\Users\Karol\Documents\Visual Studio 2010\Projects\sl0\sl0\Debug\link.3564.write.1.tlog
C:\Users\Karol\Documents\Visual Studio 2010\Projects\sl0\sl0\Debug\link.3564-cvtres.read.1.tlog
C:\Users\Karol\Documents\Visual Studio 2010\Projects\sl0\sl0\Debug\link.3564-cvtres.write.1.tlog
C:\Users\Karol\Documents\Visual Studio 2010\Projects\sl0\sl0\Debug\link.4888.read.1.tlog
C:\Users\Karol\Documents\Visual Studio 2010\Projects\sl0\sl0\Debug\link.4888.write.1.tlog
C:\Users\Karol\Documents\Visual Studio 2010\Projects\sl0\sl0\Debug\link.4888-cvtres.read.1.tlog
C:\Users\Karol\Documents\Visual Studio 2010\Projects\sl0\sl0\Debug\link.4888-cvtres.write.1.tlog
C:\Users\Karol\Documents\Visual Studio 2010\Projects\sl0\sl0\Debug\link.5692.read.1.tlog
C:\Users\Karol\Documents\Visual Studio 2010\Projects\sl0\sl0\Debug\link.5692.write.1.tlog
C:\Users\Karol\Documents\Visual Studio 2010\Projects\sl0\sl0\Debug\link.5692-cvtres.read.1.tlog
C:\Users\Karol\Documents\Visual Studio 2010\Projects\sl0\sl0\Debug\link.5692-cvtres.write.1.tlog
C:\Users\Karol\Documents\Visual Studio 2010\Projects\sl0\sl0\Debug\link.command.1.tlog
C:\Users\Karol\Documents\Visual Studio 2010\Projects\sl0\sl0\Debug\link.read.1.tlog
C:\Users\Karol\Documents\Visual Studio 2010\Projects\sl0\sl0\Debug\link.write.1.tlog
C:\Users\Karol\Documents\Visual Studio 2010\Projects\sl0\sl0\Debug\link-cvtres.read.1.tlog
C:\Users\Karol\Documents\Visual Studio 2010\Projects\sl0\sl0\Debug\link-cvtres.write.1.tlog
C:\USERS\KAROL\DOCUMENTS\VISUAL STUDIO 2010\PROJECTS\SL0\SL0\DEBUG\MAIN.OBJ
C:\Users\Karol\Documents\Visual Studio 2010\Projects\sl0\sl0\Debug\mt.command.1.tlog
C:\Users\Karol\Documents\Visual Studio 2010\Projects\sl0\sl0\Debug\mt.read.1.tlog
C:\Users\Karol\Documents\Visual Studio 2010\Projects\sl0\sl0\Debug\mt.write.1.tlog
C:\USERS\KAROL\DOCUMENTS\VISUAL STUDIO 2010\PROJECTS\SL0\SL0\DEBUG\PARSER.OBJ
C:\Users\Karol\Documents\Visual Studio 2010\Projects\sl0\sl0\Debug\rc.command.1.tlog
C:\Users\Karol\Documents\Visual Studio 2010\Projects\sl0\sl0\Debug\rc.read.1.tlog
C:\Users\Karol\Documents\Visual Studio 2010\Projects\sl0\sl0\Debug\rc.write.1.tlog
C:\USERS\KAROL\DOCUMENTS\VISUAL STUDIO 2010\PROJECTS\SL0\SL0\DEBUG\SL0.EXE.EMBED.MANIFEST
C:\USERS\KAROL\DOCUMENTS\VISUAL STUDIO 2010\PROJECTS\SL0\SL0\DEBUG\SL0.EXE.EMBED.MANIFEST.RES
C:\USERS\KAROL\DOCUMENTS\VISUAL STUDIO 2010\PROJECTS\SL0\SL0\DEBUG\SL0.EXE.INTERMEDIATE.MANIFEST
C:\USERS\KAROL\DOCUMENTS\VISUAL STUDIO 2010\PROJECTS\SL0\SL0\DEBUG\SL0.PCH
C:\Users\Karol\Documents\Visual Studio 2010\Projects\sl0\sl0\Debug\sl0_manifest.rc
C:\USERS\KAROL\DOCUMENTS\VISUAL STUDIO 2010\PROJECTS\SL0\SL0\DEBUG\STDAFX.OBJ
C:\USERS\KAROL\DOCUMENTS\VISUAL STUDIO 2010\PROJECTS\SL0\SL0\DEBUG\TOKENIZER.OBJ
C:\USERS\KAROL\DOCUMENTS\VISUAL STUDIO 2010\PROJECTS\SL0\SL0\DEBUG\VALUE.OBJ
C:\USERS\KAROL\DOCUMENTS\VISUAL STUDIO 2010\PROJECTS\SL0\SL0\DEBUG\VARIBLES.OBJ
C:\Users\Karol\Documents\Visual Studio 2010\Projects\sl0\sl0\Debug\vc100.idb
C:\USERS\KAROL\DOCUMENTS\VISUAL STUDIO 2010\PROJECTS\SL0\SL0\DEBUG\VC100.PDB
